INFO: [VRFC 10-2263] Analyzing Verilog file "E:/Code/VHDL/image_processing/image_processing.gen/sources_1/ip/blk_mem_gen_1/sim/blk_mem_gen_1.v" into library xil_defaultlib
INFO: [VRFC 10-311] analyzing module blk_mem_gen_1
INFO: [VRFC 10-2263] Analyzing Verilog file "E:/Code/VHDL/project_ov7670_nexys2/project_ov7670_nexys2.srcs/sources_1/ip/blk_mem_gen_0/sim/blk_mem_gen_0.v" into library xil_defaultlib
INFO: [VRFC 10-311] analyzing module blk_mem_gen_0
INFO: [VRFC 10-2263] Analyzing Verilog file "E:/Code/VHDL/image_processing/image_processing.sim/sim_1/behav/xsim/glbl.v" into library xil_defaultlib
INFO: [VRFC 10-311] analyzing module glbl
INFO: [VRFC 10-163] Analyzing VHDL file "E:/Code/VHDL/image_processing/image_processing.srcs/sources_1/new/Speakera.vhd" into library xil_defaultlib
INFO: [VRFC 10-3107] analyzing entity 'Speakera'
INFO: [VRFC 10-163] Analyzing VHDL file "E:/Code/VHDL/image_processing/image_processing.srcs/sources_1/new/ToneTaba.vhd" into library xil_defaultlib
INFO: [VRFC 10-3107] analyzing entity 'ToneTaba'
INFO: [VRFC 10-163] Analyzing VHDL file "E:/Code/VHDL/image_processing/image_processing.srcs/sources_1/new/address_generator.vhd" into library xil_defaultlib
INFO: [VRFC 10-3107] analyzing entity 'Adress_Generator'
INFO: [VRFC 10-163] Analyzing VHDL file "E:/Code/VHDL/image_processing/image_processing.srcs/sources_1/new/audio.vhd" into library xil_defaultlib
INFO: [VRFC 10-3107] analyzing entity 'audio'
INFO: [VRFC 10-163] Analyzing VHDL file "E:/Code/VHDL/image_processing/image_processing.srcs/sources_1/new/camera_controller.vhd" into library xil_defaultlib
INFO: [VRFC 10-3107] analyzing entity 'camera_controller'
INFO: [VRFC 10-163] Analyzing VHDL file "E:/Code/VHDL/image_processing/image_processing.srcs/sources_1/new/camera_regesiter.vhd" into library xil_defaultlib
INFO: [VRFC 10-3107] analyzing entity 'camera_register'
INFO: [VRFC 10-163] Analyzing VHDL file "E:/Code/VHDL/image_processing/image_processing.srcs/sources_1/new/debounce.vhd" into library xil_defaultlib
INFO: [VRFC 10-3107] analyzing entity 'debounce'
INFO: [VRFC 10-163] Analyzing VHDL file "E:/Code/VHDL/image_processing/image_processing.srcs/sources_1/new/i2c_sender.vhd" into library xil_defaultlib
INFO: [VRFC 10-3107] analyzing entity 'i2c_driver'
INFO: [VRFC 10-163] Analyzing VHDL file "E:/Code/VHDL/image_processing/image_processing.srcs/sources_1/new/image_capture.vhd" into library xil_defaultlib
INFO: [VRFC 10-3107] analyzing entity 'camera_capture'
INFO: [VRFC 10-163] Analyzing VHDL file "E:/Code/VHDL/image_processing/image_processing.srcs/sources_1/new/processing.vhd" into library xil_defaultlib
INFO: [VRFC 10-3107] analyzing entity 'processing'
INFO: [VRFC 10-163] Analyzing VHDL file "E:/Code/VHDL/image_processing/image_processing.srcs/sources_1/new/rgb_generator.vhd" into library xil_defaultlib
INFO: [VRFC 10-3107] analyzing entity 'rgb_generator'
INFO: [VRFC 10-163] Analyzing VHDL file "E:/Code/VHDL/image_processing/image_processing.srcs/sources_1/new/vga_controller.vhd" into library xil_defaultlib
INFO: [VRFC 10-3107] analyzing entity 'rgb_controller'
INFO: [VRFC 10-163] Analyzing VHDL file "E:/Code/VHDL/image_processing/image_processing.srcs/sources_1/new/top_design.vhd" into library xil_defaultlib
INFO: [VRFC 10-3107] analyzing entity 'top_design'
